{"target": 8.7, "params": {"x1": 0.12, "x2": -0.03, "x3": -0.18, "y1": -0.52, "y2": -0.52, "y3": -0.52}, "datetime": {"datetime": "2020-08-13 19:13:50", "elapsed": 0.0, "delta": 0.0}}
{"target": 9.0, "params": {"x1": 0.07, "x2": -0.03, "x3": -0.13, "y1": -0.52, "y2": -0.52, "y3": -0.52}, "datetime": {"datetime": "2020-08-13 19:13:50", "elapsed": 0.000335, "delta": 0.000335}}
{"target": 8.4, "params": {"x1": 0.04, "x2": -0.03, "x3": -0.1, "y1": -0.52, "y2": -0.52, "y3": -0.52}, "datetime": {"datetime": "2020-08-13 19:13:50", "elapsed": 0.000469, "delta": 0.000134}}
{"target": 6.1, "params": {"x1": 0.12, "x2": -0.03, "x3": -0.18, "y1": -0.6, "y2": -0.6, "y3": -0.6}, "datetime": {"datetime": "2020-08-13 19:13:50", "elapsed": 0.000619, "delta": 0.00015}}
{"target": 6.1, "params": {"x1": 0.07, "x2": -0.03, "x3": -0.13, "y1": -0.6, "y2": -0.6, "y3": -0.6}, "datetime": {"datetime": "2020-08-13 19:13:50", "elapsed": 0.000766, "delta": 0.000147}}
{"target": 6.1, "params": {"x1": 0.04, "x2": -0.03, "x3": -0.1, "y1": -0.6, "y2": -0.6, "y3": -0.6}, "datetime": {"datetime": "2020-08-13 19:13:50", "elapsed": 0.0009, "delta": 0.000134}}
{"target": 6.1, "params": {"x1": 0.12, "x2": -0.03, "x3": -0.18, "y1": -0.45, "y2": -0.45, "y3": -0.45}, "datetime": {"datetime": "2020-08-13 19:13:50", "elapsed": 0.001038, "delta": 0.000138}}
{"target": 6.1, "params": {"x1": 0.07, "x2": -0.03, "x3": -0.13, "y1": -0.45, "y2": -0.45, "y3": -0.45}, "datetime": {"datetime": "2020-08-13 19:13:50", "elapsed": 0.001139, "delta": 0.000101}}
{"target": 6.1, "params": {"x1": 0.04, "x2": -0.03, "x3": -0.1, "y1": -0.45, "y2": -0.45, "y3": -0.45}, "datetime": {"datetime": "2020-08-13 19:13:50", "elapsed": 0.001239, "delta": 0.0001}}
