{"target": 0.0, "params": {"x1": -2.0, "x2": 5.0, "x3": -12.0, "x4": -5.0, "x5": -8.0, "y1": -4.0, "y2": -3.0, "y3": -2.0, "y4": -1.0, "y5": 0.0}, "datetime": {"datetime": "2020-09-11 16:57:15", "elapsed": 0.0, "delta": 0.0}}
{"target": 0.0, "params": {"x1": 7.0, "x2": 11.0, "x3": -4.0, "x4": 5.0, "x5": 9.0, "y1": 4.0, "y2": -4.0, "y3": -5.0, "y4": -3.0, "y5": 4.0}, "datetime": {"datetime": "2020-09-11 16:57:15", "elapsed": 0.000175, "delta": 0.000175}}
{"target": 0.0, "params": {"x1": 12.0, "x2": 6.0, "x3": -5.0, "x4": 7.0, "x5": -10.0, "y1": -1.0, "y2": 4.0, "y3": -2.0, "y4": -2.0, "y5": -4.0}, "datetime": {"datetime": "2020-09-11 16:57:15", "elapsed": 0.000291, "delta": 0.000116}}
{"target": 0.0, "params": {"x1": -12.0, "x2": 4.0, "x3": -7.0, "x4": -6.0, "x5": 0.0, "y1": -4.0, "y2": 1.0, "y3": -4.0, "y4": 1.0, "y5": 2.0}, "datetime": {"datetime": "2020-09-11 16:57:15", "elapsed": 0.000397, "delta": 0.000106}}
{"target": 0.0, "params": {"x1": -10.0, "x2": -2.0, "x3": 5.0, "x4": -2.0, "x5": -11.0, "y1": 0.0, "y2": 2.0, "y3": 0.0, "y4": 4.0, "y5": 1.0}, "datetime": {"datetime": "2020-09-11 16:57:15", "elapsed": 0.000501, "delta": 0.000104}}
{"target": 25.7, "params": {"x1": -2.0, "x2": 4.0, "x3": -7.0, "x4": 9.0, "x5": -11.0, "y1": 2.0, "y2": -1.0, "y3": 1.0, "y4": -4.0, "y5": -3.0}, "datetime": {"datetime": "2020-09-11 16:57:15", "elapsed": 0.000608, "delta": 0.000107}}
{"target": 21.1, "params": {"x1": -10.0, "x2": -2.0, "x3": 11.0, "x4": 1.0, "x5": 5.0, "y1": -2.0, "y2": 2.0, "y3": 3.0, "y4": -5.0, "y5": 3.0}, "datetime": {"datetime": "2020-09-11 16:57:15", "elapsed": 0.00072, "delta": 0.000112}}
{"target": 23.9, "params": {"x1": 10.0, "x2": -9.0, "x3": -9.0, "x4": 7.0, "x5": -2.0, "y1": -3.0, "y2": 4.0, "y3": -2.0, "y4": 3.0, "y5": 2.0}, "datetime": {"datetime": "2020-09-11 16:57:15", "elapsed": 0.000829, "delta": 0.000109}}
{"target": 18.3, "params": {"x1": -10.0, "x2": 11.0, "x3": 2.0, "x4": -7.0, "x5": -6.0, "y1": 2.0, "y2": -3.0, "y3": 1.0, "y4": 5.0, "y5": 3.0}, "datetime": {"datetime": "2020-09-11 16:57:15", "elapsed": 0.000938, "delta": 0.000109}}
{"target": 25.8, "params": {"x1": -6.0, "x2": 0.0, "x3": 3.0, "x4": 8.0, "x5": -8.0, "y1": -5.0, "y2": -4.0, "y3": 0.0, "y4": 1.0, "y5": 1.0}, "datetime": {"datetime": "2020-09-11 16:57:15", "elapsed": 0.001048, "delta": 0.00011}}
{"target": 0.0, "params": {"x1": 9.0, "x2": -3.0, "x3": 3.0, "x4": -1.0, "x5": 12.0, "y1": 0.0, "y2": -1.0, "y3": 2.0, "y4": 3.0, "y5": -2.0}, "datetime": {"datetime": "2020-09-11 16:57:33", "elapsed": 17.59187, "delta": 17.590822}}
{"target": 0.0, "params": {"x1": -8.0, "x2": 3.0, "x3": 4.0, "x4": 12.0, "x5": 9.0, "y1": 5.0, "y2": 5.0, "y3": -1.0, "y4": -1.0, "y5": -3.0}, "datetime": {"datetime": "2020-09-11 16:57:35", "elapsed": 19.863806, "delta": 2.271936}}
{"target": 0.0, "params": {"x1": 4.0, "x2": 1.0, "x3": -2.0, "x4": 7.0, "x5": 7.0, "y1": 3.0, "y2": 5.0, "y3": -2.0, "y4": -4.0, "y5": 3.0}, "datetime": {"datetime": "2020-09-11 16:57:36", "elapsed": 21.207659, "delta": 1.343853}}
{"target": 0.0, "params": {"x1": -6.0, "x2": -2.0, "x3": 6.0, "x4": 12.0, "x5": 10.0, "y1": 1.0, "y2": -1.0, "y3": 1.0, "y4": -3.0, "y5": -3.0}, "datetime": {"datetime": "2020-09-11 16:57:38", "elapsed": 22.647758, "delta": 1.440099}}
{"target": 23.7, "params": {"x1": 1.0, "x2": 2.0, "x3": -8.0, "x4": 9.0, "x5": -10.0, "y1": 2.0, "y2": -2.0, "y3": -1.0, "y4": -5.0, "y5": -1.0}, "datetime": {"datetime": "2020-09-11 17:44:29", "elapsed": 2833.902649, "delta": 2811.254891}}
{"target": 25.8, "params": {"x1": -5.0, "x2": 0.0, "x3": 2.0, "x4": 9.0, "x5": -8.0, "y1": -4.0, "y2": -4.0, "y3": 0.0, "y4": 0.0, "y5": 1.0}, "datetime": {"datetime": "2020-09-11 18:31:58", "elapsed": 5682.2865, "delta": 2848.383851}}
{"target": 27.0, "params": {"x1": -2.0, "x2": 3.0, "x3": -6.0, "x4": 9.0, "x5": -10.0, "y1": 1.0, "y2": -2.0, "y3": 0.0, "y4": -4.0, "y5": -2.0}, "datetime": {"datetime": "2020-09-11 20:09:26", "elapsed": 11530.919804, "delta": 5848.633304}}
{"target": 26.1, "params": {"x1": -2.0, "x2": 2.0, "x3": -6.0, "x4": 10.0, "x5": -11.0, "y1": 1.0, "y2": -2.0, "y3": 1.0, "y4": -4.0, "y5": -2.0}, "datetime": {"datetime": "2020-09-11 20:44:14", "elapsed": 13618.667356, "delta": 2087.747552}}
{"target": 25.8, "params": {"x1": -2.0, "x2": 3.0, "x3": -6.0, "x4": 10.0, "x5": -10.0, "y1": 2.0, "y2": -3.0, "y3": 0.0, "y4": -4.0, "y5": -1.0}, "datetime": {"datetime": "2020-09-11 22:06:36", "elapsed": 18561.183657, "delta": 4942.516301}}
{"target": 26.2, "params": {"x1": -3.0, "x2": 3.0, "x3": -6.0, "x4": 9.0, "x5": -11.0, "y1": 1.0, "y2": -2.0, "y3": -1.0, "y4": -5.0, "y5": -3.0}, "datetime": {"datetime": "2020-09-12 00:45:51", "elapsed": 28115.61612, "delta": 9554.432463}}
{"target": 26.4, "params": {"x1": -6.0, "x2": 1.0, "x3": 1.0, "x4": 9.0, "x5": -9.0, "y1": -5.0, "y2": -5.0, "y3": 0.0, "y4": 0.0, "y5": 0.0}, "datetime": {"datetime": "2020-09-12 01:17:59", "elapsed": 30044.11229, "delta": 1928.49617}}
{"target": 26.1, "params": {"x1": -3.0, "x2": 3.0, "x3": -4.0, "x4": 9.0, "x5": -10.0, "y1": -1.0, "y2": -3.0, "y3": 0.0, "y4": -3.0, "y5": -2.0}, "datetime": {"datetime": "2020-09-12 02:00:05", "elapsed": 32569.639005, "delta": 2525.526715}}
{"target": 24.9, "params": {"x1": -3.0, "x2": 3.0, "x3": -7.0, "x4": 10.0, "x5": -9.0, "y1": 0.0, "y2": -2.0, "y3": 0.0, "y4": -4.0, "y5": -2.0}, "datetime": {"datetime": "2020-09-12 12:00:02", "elapsed": 68566.454301, "delta": 35996.815296}}
{"target": 25.2, "params": {"x1": -2.0, "x2": 3.0, "x3": -5.0, "x4": 8.0, "x5": -10.0, "y1": 1.0, "y2": -3.0, "y3": 1.0, "y4": -5.0, "y5": -2.0}, "datetime": {"datetime": "2020-09-12 12:30:21", "elapsed": 70386.214261, "delta": 1819.75996}}
{"target": 26.4, "params": {"x1": -2.0, "x2": 2.0, "x3": -5.0, "x4": 9.0, "x5": -11.0, "y1": 2.0, "y2": -1.0, "y3": -1.0, "y4": -2.0, "y5": -2.0}, "datetime": {"datetime": "2020-09-12 12:51:53", "elapsed": 71677.475483, "delta": 1291.261222}}
{"target": 26.1, "params": {"x1": -2.0, "x2": 4.0, "x3": -5.0, "x4": 9.0, "x5": -11.0, "y1": 0.0, "y2": -1.0, "y3": -1.0, "y4": -4.0, "y5": -1.0}, "datetime": {"datetime": "2020-09-12 13:19:57", "elapsed": 73362.0152, "delta": 1684.539717}}
{"target": 27.3, "params": {"x1": -1.0, "x2": 3.0, "x3": -5.0, "x4": 9.0, "x5": -11.0, "y1": 1.0, "y2": -3.0, "y3": -1.0, "y4": -3.0, "y5": -3.0}, "datetime": {"datetime": "2020-09-12 13:52:32", "elapsed": 75316.780685, "delta": 1954.765485}}
{"target": 26.1, "params": {"x1": -2.0, "x2": 3.0, "x3": -6.0, "x4": 9.0, "x5": -11.0, "y1": 1.0, "y2": -3.0, "y3": -1.0, "y4": -3.0, "y5": -2.0}, "datetime": {"datetime": "2020-09-12 14:16:43", "elapsed": 76767.358729, "delta": 1450.578044}}
{"target": 26.1, "params": {"x1": -4.0, "x2": 1.0, "x3": 3.0, "x4": 10.0, "x5": -10.0, "y1": -5.0, "y2": -5.0, "y3": 0.0, "y4": 1.0, "y5": -1.0}, "datetime": {"datetime": "2020-09-13 14:05:31", "elapsed": 162495.571833, "delta": 85728.213104}}
{"target": 27.0, "params": {"x1": -7.0, "x2": 2.0, "x3": 3.0, "x4": 11.0, "x5": -9.0, "y1": -5.0, "y2": -5.0, "y3": 0.0, "y4": 0.0, "y5": 1.0}, "datetime": {"datetime": "2020-09-13 14:45:25", "elapsed": 164889.471192, "delta": 2393.899359}}
{"target": 27.3, "params": {"x1": -1.0, "x2": 3.0, "x3": -4.0, "x4": 10.0, "x5": -10.0, "y1": 1.0, "y2": -1.0, "y3": -1.0, "y4": -4.0, "y5": -4.0}, "datetime": {"datetime": "2020-09-13 15:15:03", "elapsed": 166667.806223, "delta": 1778.335031}}
{"target": 0.0, "params": {"x1": -7.0, "x2": 0.0, "x3": 2.0, "x4": 12.0, "x5": -9.0, "y1": -5.0, "y2": -5.0, "y3": 0.0, "y4": 2.0, "y5": 1.0}, "datetime": {"datetime": "2020-09-13 15:15:18", "elapsed": 166682.798188, "delta": 14.991965}}
{"target": 27.6, "params": {"x1": -6.0, "x2": 2.0, "x3": 3.0, "x4": 9.0, "x5": -9.0, "y1": -5.0, "y2": -5.0, "y3": 0.0, "y4": 0.0, "y5": 0.0}, "datetime": {"datetime": "2020-09-13 15:42:12", "elapsed": 168296.590054, "delta": 1613.791866}}
{"target": 26.1, "params": {"x1": -2.0, "x2": 3.0, "x3": -5.0, "x4": 10.0, "x5": -11.0, "y1": 1.0, "y2": -2.0, "y3": -1.0, "y4": -4.0, "y5": -3.0}, "datetime": {"datetime": "2020-09-13 16:08:31", "elapsed": 169875.801565, "delta": 1579.211511}}
{"target": 27.6, "params": {"x1": -6.0, "x2": 2.0, "x3": 3.0, "x4": 10.0, "x5": -9.0, "y1": -5.0, "y2": -5.0, "y3": 0.0, "y4": -1.0, "y5": 1.0}, "datetime": {"datetime": "2020-09-13 16:33:39", "elapsed": 171383.254909, "delta": 1507.453344}}
{"target": 28.2, "params": {"x1": -1.0, "x2": 3.0, "x3": -4.0, "x4": 9.0, "x5": -10.0, "y1": 1.0, "y2": -2.0, "y3": 0.0, "y4": -3.0, "y5": -3.0}, "datetime": {"datetime": "2020-09-13 17:03:02", "elapsed": 173146.693779, "delta": 1763.43887}}
{"target": 27.0, "params": {"x1": -2.0, "x2": 3.0, "x3": -5.0, "x4": 9.0, "x5": -11.0, "y1": 1.0, "y2": -1.0, "y3": -1.0, "y4": -3.0, "y5": -3.0}, "datetime": {"datetime": "2020-09-13 17:29:33", "elapsed": 174738.133491, "delta": 1591.439712}}
{"target": 26.1, "params": {"x1": -2.0, "x2": 3.0, "x3": -4.0, "x4": 9.0, "x5": -10.0, "y1": 1.0, "y2": -2.0, "y3": -1.0, "y4": -3.0, "y5": -2.0}, "datetime": {"datetime": "2020-09-14 10:44:01", "elapsed": 236805.74685, "delta": 62067.613359}}
{"target": 26.7, "params": {"x1": -1.0, "x2": 3.0, "x3": -5.0, "x4": 9.0, "x5": -11.0, "y1": 1.0, "y2": -2.0, "y3": 0.0, "y4": -4.0, "y5": -3.0}, "datetime": {"datetime": "2020-09-14 11:27:00", "elapsed": 239384.8471, "delta": 2579.10025}}
{"target": 25.5, "params": {"x1": -1.0, "x2": 3.0, "x3": -5.0, "x4": 10.0, "x5": -10.0, "y1": 1.0, "y2": -2.0, "y3": 0.0, "y4": -3.0, "y5": -3.0}, "datetime": {"datetime": "2020-09-14 12:05:56", "elapsed": 241720.297738, "delta": 2335.450638}}
{"target": 26.4, "params": {"x1": -5.0, "x2": 1.0, "x3": 3.0, "x4": 9.0, "x5": -9.0, "y1": -5.0, "y2": -4.0, "y3": 0.0, "y4": 0.0, "y5": 0.0}, "datetime": {"datetime": "2020-09-14 12:32:10", "elapsed": 243294.585401, "delta": 1574.287663}}
{"target": 26.1, "params": {"x1": -3.0, "x2": 4.0, "x3": -7.0, "x4": 10.0, "x5": -12.0, "y1": -1.0, "y2": 1.0, "y3": -3.0, "y4": -3.0, "y5": -1.0}, "datetime": {"datetime": "2020-09-14 13:18:51", "elapsed": 246095.621159, "delta": 2801.035758}}
{"target": 25.5, "params": {"x1": -7.0, "x2": 2.0, "x3": 3.0, "x4": 10.0, "x5": -9.0, "y1": -5.0, "y2": -5.0, "y3": 0.0, "y4": 0.0, "y5": 1.0}, "datetime": {"datetime": "2020-09-14 13:45:25", "elapsed": 247689.587266, "delta": 1593.966107}}
{"target": 27.9, "params": {"x1": -6.0, "x2": 2.0, "x3": 3.0, "x4": 10.0, "x5": -9.0, "y1": -5.0, "y2": -5.0, "y3": 0.0, "y4": 0.0, "y5": 0.0}, "datetime": {"datetime": "2020-09-14 14:13:31", "elapsed": 249375.346031, "delta": 1685.758765}}
{"target": 27.6, "params": {"x1": -5.0, "x2": 2.0, "x3": 2.0, "x4": 9.0, "x5": -9.0, "y1": -5.0, "y2": -5.0, "y3": 0.0, "y4": 0.0, "y5": 0.0}, "datetime": {"datetime": "2020-09-14 14:42:04", "elapsed": 251088.800323, "delta": 1713.454292}}
{"target": 27.6, "params": {"x1": -2.0, "x2": 2.0, "x3": -1.0, "x4": 7.0, "x5": -7.0, "y1": -3.0, "y2": -4.0, "y3": -1.0, "y4": 0.0, "y5": 0.0}, "datetime": {"datetime": "2020-09-14 14:42:19", "elapsed": 251103.584377, "delta": 14.784054}}
{"target": 29.1, "params": {"x1": -6.0, "x2": 1.0, "x3": 2.0, "x4": 9.0, "x5": -9.0, "y1": -4.0, "y2": -5.0, "y3": 0.0, "y4": -1.0, "y5": 0.0}, "datetime": {"datetime": "2020-09-14 15:11:48", "elapsed": 252872.926148, "delta": 1769.341771}}
{"target": 26.1, "params": {"x1": -2.0, "x2": 5.0, "x3": -7.0, "x4": 9.0, "x5": -11.0, "y1": 3.0, "y2": -2.0, "y3": -3.0, "y4": 0.0, "y5": -3.0}, "datetime": {"datetime": "2020-09-14 15:36:24", "elapsed": 254348.857535, "delta": 1475.931387}}
{"target": 0.0, "params": {"x1": -3.0, "x2": 2.0, "x3": 0.0, "x4": 7.0, "x5": -7.0, "y1": -3.0, "y2": -4.0, "y3": -1.0, "y4": 0.0, "y5": 0.0}, "datetime": {"datetime": "2020-09-14 15:36:34", "elapsed": 254358.553693, "delta": 9.696158}}
{"target": 27.9, "params": {"x1": -6.0, "x2": 1.0, "x3": 2.0, "x4": 9.0, "x5": -9.0, "y1": -5.0, "y2": -5.0, "y3": 0.0, "y4": 0.0, "y5": 0.0}, "datetime": {"datetime": "2020-09-14 16:03:01", "elapsed": 255946.043279, "delta": 1587.489586}}
{"target": 24.6, "params": {"x1": -4.0, "x2": 4.0, "x3": -8.0, "x4": 10.0, "x5": -12.0, "y1": 1.0, "y2": 0.0, "y3": 2.0, "y4": -3.0, "y5": -4.0}, "datetime": {"datetime": "2020-09-14 16:25:08", "elapsed": 257272.842501, "delta": 1326.799222}}
{"target": 27.6, "params": {"x1": -3.0, "x2": 4.0, "x3": -6.0, "x4": 8.0, "x5": -10.0, "y1": 1.0, "y2": 0.0, "y3": -1.0, "y4": 1.0, "y5": -1.0}, "datetime": {"datetime": "2020-09-14 16:55:23", "elapsed": 259087.722314, "delta": 1814.879813}}
{"target": 26.4, "params": {"x1": -1.0, "x2": 1.0, "x3": -4.0, "x4": 9.0, "x5": -9.0, "y1": 3.0, "y2": -3.0, "y3": 3.0, "y4": -4.0, "y5": -3.0}, "datetime": {"datetime": "2020-09-14 17:19:06", "elapsed": 260510.871473, "delta": 1423.149159}}
{"target": 0.0, "params": {"x1": -4.0, "x2": -1.0, "x3": 3.0, "x4": 10.0, "x5": -7.0, "y1": -2.0, "y2": -2.0, "y3": 0.0, "y4": 0.0, "y5": 2.0}, "datetime": {"datetime": "2020-09-14 17:19:18", "elapsed": 260522.359886, "delta": 11.488413}}
{"target": 0.0, "params": {"x1": -3.0, "x2": 4.0, "x3": -7.0, "x4": 6.0, "x5": -10.0, "y1": 2.0, "y2": -2.0, "y3": -2.0, "y4": -2.0, "y5": 0.0}, "datetime": {"datetime": "2020-09-14 17:19:22", "elapsed": 260527.191916, "delta": 4.83203}}
{"target": 26.1, "params": {"x1": 2.0, "x2": 4.0, "x3": -7.0, "x4": 9.0, "x5": -11.0, "y1": 2.0, "y2": 1.0, "y3": 0.0, "y4": -4.0, "y5": -4.0}, "datetime": {"datetime": "2020-09-14 17:42:56", "elapsed": 261940.998697, "delta": 1413.806781}}
{"target": 25.5, "params": {"x1": 1.0, "x2": 1.0, "x3": -7.0, "x4": 9.0, "x5": -11.0, "y1": 2.0, "y2": -3.0, "y3": -3.0, "y4": -4.0, "y5": 1.0}, "datetime": {"datetime": "2020-09-14 18:30:54", "elapsed": 264818.435118, "delta": 2877.436421}}
{"target": 27.0, "params": {"x1": -4.0, "x2": 5.0, "x3": -9.0, "x4": 9.0, "x5": -11.0, "y1": -1.0, "y2": -1.0, "y3": 2.0, "y4": 0.0, "y5": -4.0}, "datetime": {"datetime": "2020-09-14 19:12:22", "elapsed": 267306.864083, "delta": 2488.428965}}
{"target": 27.3, "params": {"x1": -2.0, "x2": 4.0, "x3": -6.0, "x4": 9.0, "x5": -11.0, "y1": 2.0, "y2": 1.0, "y3": -1.0, "y4": -1.0, "y5": -5.0}, "datetime": {"datetime": "2020-09-14 19:50:48", "elapsed": 269612.974531, "delta": 2306.110448}}
{"target": 27.0, "params": {"x1": -1.0, "x2": 3.0, "x3": -3.0, "x4": 9.0, "x5": -11.0, "y1": -1.0, "y2": -5.0, "y3": -1.0, "y4": -3.0, "y5": -4.0}, "datetime": {"datetime": "2020-09-15 12:47:47", "elapsed": 330632.041871, "delta": 61019.06734}}
