{"target": 8.7, "params": {"x1": 0.12, "x2": -0.03, "x3": -0.18, "y1": -0.52, "y2": -0.52, "y3": -0.52}, "datetime": {"datetime": "2020-08-10 14:50:58", "elapsed": 0.0, "delta": 0.0}}
{"target": 9.0, "params": {"x1": 0.07, "x2": -0.03, "x3": -0.13, "y1": -0.52, "y2": -0.52, "y3": -0.52}, "datetime": {"datetime": "2020-08-10 14:50:58", "elapsed": 0.000167, "delta": 0.000167}}
{"target": 8.4, "params": {"x1": 0.04, "x2": -0.03, "x3": -0.1, "y1": -0.52, "y2": -0.52, "y3": -0.52}, "datetime": {"datetime": "2020-08-10 14:50:58", "elapsed": 0.000278, "delta": 0.000111}}
{"target": 6.1, "params": {"x1": 0.12, "x2": -0.03, "x3": -0.18, "y1": -0.6, "y2": -0.6, "y3": -0.6}, "datetime": {"datetime": "2020-08-10 14:50:58", "elapsed": 0.000473, "delta": 0.000195}}
{"target": 6.1, "params": {"x1": 0.07, "x2": -0.03, "x3": -0.13, "y1": -0.6, "y2": -0.6, "y3": -0.6}, "datetime": {"datetime": "2020-08-10 14:50:58", "elapsed": 0.000576, "delta": 0.000103}}
{"target": 6.1, "params": {"x1": 0.04, "x2": -0.03, "x3": -0.1, "y1": -0.6, "y2": -0.6, "y3": -0.6}, "datetime": {"datetime": "2020-08-10 14:50:58", "elapsed": 0.000678, "delta": 0.000102}}
{"target": 6.1, "params": {"x1": 0.12, "x2": -0.03, "x3": -0.18, "y1": -0.45, "y2": -0.45, "y3": -0.45}, "datetime": {"datetime": "2020-08-10 14:50:58", "elapsed": 0.0008, "delta": 0.000122}}
{"target": 6.1, "params": {"x1": 0.07, "x2": -0.03, "x3": -0.13, "y1": -0.45, "y2": -0.45, "y3": -0.45}, "datetime": {"datetime": "2020-08-10 14:50:58", "elapsed": 0.000923, "delta": 0.000123}}
{"target": 6.1, "params": {"x1": 0.04, "x2": -0.03, "x3": -0.1, "y1": -0.45, "y2": -0.45, "y3": -0.45}, "datetime": {"datetime": "2020-08-10 14:50:58", "elapsed": 0.001048, "delta": 0.000125}}
{"target": 6.5, "params": {"x1": -0.15, "x2": -0.18, "x3": -0.08, "y1": -0.47, "y2": -0.58, "y3": -0.6}, "datetime": {"datetime": "2020-08-10 15:58:06", "elapsed": 4027.569463, "delta": 4027.568415}}
{"target": 7.3, "params": {"x1": 0.08, "x2": -0.15, "x3": 0.07, "y1": -0.54, "y2": -0.57, "y3": -0.59}, "datetime": {"datetime": "2020-08-10 16:29:22", "elapsed": 5903.335714, "delta": 1875.766251}}
{"target": 8.6, "params": {"x1": 0.12, "x2": -0.05, "x3": -0.11, "y1": -0.52, "y2": -0.52, "y3": -0.53}, "datetime": {"datetime": "2020-08-11 13:12:13", "elapsed": 80474.609196, "delta": 74571.273482}}
{"target": 8.1, "params": {"x1": 0.1, "x2": 0.01, "x3": -0.13, "y1": -0.55, "y2": -0.52, "y3": -0.5}, "datetime": {"datetime": "2020-08-11 14:01:20", "elapsed": 83421.817327, "delta": 2947.208131}}
{"target": 7.7, "params": {"x1": -0.03, "x2": -0.09, "x3": 0.05, "y1": -0.51, "y2": -0.58, "y3": -0.57}, "datetime": {"datetime": "2020-08-11 14:29:52", "elapsed": 85133.859947, "delta": 1712.04262}}
{"target": 7.8, "params": {"x1": 0.08, "x2": -0.04, "x3": -0.15, "y1": -0.48, "y2": -0.55, "y3": -0.54}, "datetime": {"datetime": "2020-08-11 15:00:38", "elapsed": 86979.52504, "delta": 1845.665093}}
{"target": 8.2, "params": {"x1": 0.08, "x2": -0.06, "x3": -0.15, "y1": -0.55, "y2": -0.49, "y3": -0.53}, "datetime": {"datetime": "2020-08-11 15:28:44", "elapsed": 88666.292427, "delta": 1686.767387}}
{"target": 6.3, "params": {"x1": 0.01, "x2": -0.14, "x3": -0.09, "y1": -0.47, "y2": -0.45, "y3": -0.59}, "datetime": {"datetime": "2020-08-11 17:12:56", "elapsed": 94917.932819, "delta": 6251.640392}}
{"target": 6.6, "params": {"x1": -0.09, "x2": -0.07, "x3": -0.09, "y1": -0.54, "y2": -0.48, "y3": -0.6}, "datetime": {"datetime": "2020-08-11 17:35:20", "elapsed": 96261.822828, "delta": 1343.890009}}
{"target": 7.7, "params": {"x1": 0.09, "x2": -0.05, "x3": -0.14, "y1": -0.53, "y2": -0.54, "y3": -0.49}, "datetime": {"datetime": "2020-08-11 18:58:15", "elapsed": 101236.711598, "delta": 4974.88877}}
{"target": 8.4, "params": {"x1": 0.09, "x2": -0.01, "x3": -0.13, "y1": -0.51, "y2": -0.49, "y3": -0.55}, "datetime": {"datetime": "2020-08-11 19:34:30", "elapsed": 103411.841272, "delta": 2175.129674}}
{"target": 7.9, "params": {"x1": -0.01, "x2": 0.03, "x3": -0.08, "y1": -0.5, "y2": -0.51, "y3": -0.56}, "datetime": {"datetime": "2020-08-11 20:07:47", "elapsed": 105408.633999, "delta": 1996.792727}}
{"target": 8.1, "params": {"x1": 0.05, "x2": -0.0, "x3": -0.17, "y1": -0.53, "y2": -0.51, "y3": -0.53}, "datetime": {"datetime": "2020-08-11 20:36:49", "elapsed": 107150.766238, "delta": 1742.132239}}
{"target": 8.7, "params": {"x1": 0.08, "x2": -0.02, "x3": -0.12, "y1": -0.53, "y2": -0.53, "y3": -0.55}, "datetime": {"datetime": "2020-08-11 21:07:50", "elapsed": 109011.340003, "delta": 1860.573765}}
{"target": 8.4, "params": {"x1": 0.09, "x2": -0.0, "x3": -0.09, "y1": -0.5, "y2": -0.53, "y3": -0.52}, "datetime": {"datetime": "2020-08-11 21:31:37", "elapsed": 110438.315538, "delta": 1426.975535}}
{"target": 7.2, "params": {"x1": 0.0, "x2": 0.08, "x3": 0.04, "y1": -0.47, "y2": -0.55, "y3": -0.56}, "datetime": {"datetime": "2020-08-11 22:03:35", "elapsed": 112357.14825, "delta": 1918.832712}}
{"target": 6.3, "params": {"x1": 0.06, "x2": 0.04, "x3": 0.06, "y1": -0.49, "y2": -0.46, "y3": -0.48}, "datetime": {"datetime": "2020-08-12 14:10:06", "elapsed": 170347.688851, "delta": 57990.540601}}
{"target": 7.1, "params": {"x1": -0.11, "x2": -0.1, "x3": 0.12, "y1": -0.57, "y2": -0.6, "y3": -0.5}, "datetime": {"datetime": "2020-08-12 15:04:31", "elapsed": 173612.845476, "delta": 3265.156625}}
{"target": 7.7, "params": {"x1": -0.01, "x2": 0.08, "x3": 0.06, "y1": -0.49, "y2": -0.53, "y3": -0.46}, "datetime": {"datetime": "2020-08-12 15:31:48", "elapsed": 175250.207261, "delta": 1637.361785}}
{"target": 6.9, "params": {"x1": -0.11, "x2": 0.12, "x3": 0.02, "y1": -0.52, "y2": -0.58, "y3": -0.45}, "datetime": {"datetime": "2020-08-12 15:54:07", "elapsed": 176588.685876, "delta": 1338.478615}}
