{"target": 0.0, "params": {"x1": -0.05, "x2": 0.02, "x3": -0.15, "y1": -0.56, "y2": -0.58, "y3": -0.59}, "datetime": {"datetime": "2020-08-21 13:55:21", "elapsed": 0.0, "delta": 0.0}}
{"target": 0.0, "params": {"x1": 0.09, "x2": -0.15, "x3": 0.09, "y1": -0.46, "y2": -0.46, "y3": -0.46}, "datetime": {"datetime": "2020-08-21 13:56:35", "elapsed": 74.41602, "delta": 74.41602}}
{"target": 20.0, "params": {"x1": -0.14, "x2": 0.09, "x3": -0.08, "y1": -0.55, "y2": -0.49, "y3": -0.5}, "datetime": {"datetime": "2020-08-21 13:57:38", "elapsed": 137.551657, "delta": 63.135637}}
{"target": 20.0, "params": {"x1": 0.07, "x2": -0.02, "x3": -0.14, "y1": -0.48, "y2": -0.57, "y3": -0.57}, "datetime": {"datetime": "2020-08-21 13:58:33", "elapsed": 192.508771, "delta": 54.957114}}
{"target": 0.0, "params": {"x1": -0.05, "x2": -0.12, "x3": 0.03, "y1": -0.48, "y2": -0.51, "y3": -0.54}, "datetime": {"datetime": "2020-08-21 13:59:26", "elapsed": 245.327601, "delta": 52.81883}}
{"target": 0.0, "params": {"x1": 0.07, "x2": -0.13, "x3": 0.09, "y1": -0.47, "y2": -0.6, "y3": -0.54}, "datetime": {"datetime": "2020-08-21 14:00:30", "elapsed": 309.295364, "delta": 63.967763}}
{"target": 0.0, "params": {"x1": 0.02, "x2": -0.01, "x3": -0.07, "y1": -0.5, "y2": -0.49, "y3": -0.6}, "datetime": {"datetime": "2020-08-21 14:01:29", "elapsed": 368.847395, "delta": 59.552031}}
{"target": 0.0, "params": {"x1": -0.1, "x2": -0.08, "x3": -0.11, "y1": -0.56, "y2": -0.49, "y3": -0.5}, "datetime": {"datetime": "2020-08-21 14:02:23", "elapsed": 421.999352, "delta": 53.151957}}
