{"target": 0.0, "params": {"x1": -2.0, "x2": 5.0, "x3": -12.0, "x4": -5.0, "x5": -8.0, "y1": -4.0, "y2": -3.0, "y3": -2.0, "y4": -1.0, "y5": 0.0}, "datetime": {"datetime": "2020-09-10 15:29:49", "elapsed": 0.0, "delta": 0.0}}
{"target": 0.0, "params": {"x1": 7.0, "x2": 11.0, "x3": -4.0, "x4": 5.0, "x5": 9.0, "y1": 4.0, "y2": -4.0, "y3": -5.0, "y4": -3.0, "y5": 4.0}, "datetime": {"datetime": "2020-09-10 15:29:49", "elapsed": 0.000258, "delta": 0.000258}}
{"target": 0.0, "params": {"x1": 12.0, "x2": 6.0, "x3": -5.0, "x4": 7.0, "x5": -10.0, "y1": -1.0, "y2": 4.0, "y3": -2.0, "y4": -2.0, "y5": -4.0}, "datetime": {"datetime": "2020-09-10 15:29:49", "elapsed": 0.000414, "delta": 0.000156}}
{"target": 0.0, "params": {"x1": -12.0, "x2": 4.0, "x3": -7.0, "x4": -6.0, "x5": 0.0, "y1": -4.0, "y2": 1.0, "y3": -4.0, "y4": 1.0, "y5": 2.0}, "datetime": {"datetime": "2020-09-10 15:29:49", "elapsed": 0.00057, "delta": 0.000156}}
{"target": 0.0, "params": {"x1": -10.0, "x2": -2.0, "x3": 5.0, "x4": -2.0, "x5": -11.0, "y1": 0.0, "y2": 2.0, "y3": 0.0, "y4": 4.0, "y5": 1.0}, "datetime": {"datetime": "2020-09-10 15:29:49", "elapsed": 0.000726, "delta": 0.000156}}
{"target": 25.7, "params": {"x1": -2.0, "x2": 4.0, "x3": -7.0, "x4": 9.0, "x5": -11.0, "y1": 2.0, "y2": -1.0, "y3": 1.0, "y4": -4.0, "y5": -3.0}, "datetime": {"datetime": "2020-09-10 15:29:49", "elapsed": 0.000842, "delta": 0.000116}}
{"target": 21.1, "params": {"x1": -10.0, "x2": -2.0, "x3": 11.0, "x4": 1.0, "x5": 5.0, "y1": -2.0, "y2": 2.0, "y3": 3.0, "y4": -5.0, "y5": 3.0}, "datetime": {"datetime": "2020-09-10 15:29:49", "elapsed": 0.000994, "delta": 0.000152}}
{"target": 23.9, "params": {"x1": 10.0, "x2": -9.0, "x3": -9.0, "x4": 7.0, "x5": -2.0, "y1": -3.0, "y2": 4.0, "y3": -2.0, "y4": 3.0, "y5": 2.0}, "datetime": {"datetime": "2020-09-10 15:29:49", "elapsed": 0.00114, "delta": 0.000146}}
{"target": 18.3, "params": {"x1": -10.0, "x2": 11.0, "x3": 2.0, "x4": -7.0, "x5": -6.0, "y1": 2.0, "y2": -3.0, "y3": 1.0, "y4": 5.0, "y5": 3.0}, "datetime": {"datetime": "2020-09-10 15:29:49", "elapsed": 0.001247, "delta": 0.000107}}
{"target": 25.8, "params": {"x1": -6.0, "x2": 0.0, "x3": 3.0, "x4": 8.0, "x5": -8.0, "y1": -5.0, "y2": -4.0, "y3": 0.0, "y4": 1.0, "y5": 1.0}, "datetime": {"datetime": "2020-09-10 15:29:49", "elapsed": 0.001357, "delta": 0.00011}}
{"target": 0.0, "params": {"x1": 9.0, "x2": -3.0, "x3": 3.0, "x4": -1.0, "x5": 12.0, "y1": 0.0, "y2": -1.0, "y3": 2.0, "y4": 3.0, "y5": -2.0}, "datetime": {"datetime": "2020-09-10 15:30:29", "elapsed": 39.198907, "delta": 39.19755}}
{"target": 0.0, "params": {"x1": -8.0, "x2": 3.0, "x3": 4.0, "x4": 12.0, "x5": 9.0, "y1": 5.0, "y2": 5.0, "y3": -1.0, "y4": -1.0, "y5": -3.0}, "datetime": {"datetime": "2020-09-10 15:30:31", "elapsed": 41.774807, "delta": 2.5759}}
{"target": 0.0, "params": {"x1": 4.0, "x2": 1.0, "x3": -2.0, "x4": 7.0, "x5": 7.0, "y1": 3.0, "y2": 5.0, "y3": -2.0, "y4": -4.0, "y5": 3.0}, "datetime": {"datetime": "2020-09-10 15:30:33", "elapsed": 43.486836, "delta": 1.712029}}
{"target": 0.0, "params": {"x1": -6.0, "x2": -2.0, "x3": 6.0, "x4": 12.0, "x5": 10.0, "y1": 1.0, "y2": -1.0, "y3": 1.0, "y4": -3.0, "y5": -3.0}, "datetime": {"datetime": "2020-09-10 15:30:35", "elapsed": 45.342762, "delta": 1.855926}}
{"target": 27.3, "params": {"x1": 1.0, "x2": 2.0, "x3": -8.0, "x4": 9.0, "x5": -10.0, "y1": 2.0, "y2": -2.0, "y3": -1.0, "y4": -5.0, "y5": -1.0}, "datetime": {"datetime": "2020-09-10 16:08:29", "elapsed": 2319.379814, "delta": 2274.037052}}
{"target": 27.3, "params": {"x1": 0.0, "x2": 3.0, "x3": -7.0, "x4": 9.0, "x5": -10.0, "y1": 2.0, "y2": -2.0, "y3": 0.0, "y4": -5.0, "y5": -2.0}, "datetime": {"datetime": "2020-09-10 16:38:15", "elapsed": 4106.000468, "delta": 1786.620654}}
{"target": 27.0, "params": {"x1": 0.0, "x2": 2.0, "x3": -8.0, "x4": 9.0, "x5": -11.0, "y1": 2.0, "y2": -2.0, "y3": 0.0, "y4": -4.0, "y5": -1.0}, "datetime": {"datetime": "2020-09-10 17:18:55", "elapsed": 6545.221622, "delta": 2439.221154}}
{"target": 28.5, "params": {"x1": 0.0, "x2": 2.0, "x3": -8.0, "x4": 9.0, "x5": -10.0, "y1": 2.0, "y2": -2.0, "y3": -1.0, "y4": -5.0, "y5": -2.0}, "datetime": {"datetime": "2020-09-10 18:42:28", "elapsed": 11558.854963, "delta": 5013.633341}}
{"target": 26.7, "params": {"x1": -1.0, "x2": 2.0, "x3": -8.0, "x4": 10.0, "x5": -10.0, "y1": 2.0, "y2": -2.0, "y3": -1.0, "y4": -5.0, "y5": -2.0}, "datetime": {"datetime": "2020-09-10 19:12:42", "elapsed": 13372.710803, "delta": 1813.85584}}
{"target": 26.4, "params": {"x1": 0.0, "x2": 2.0, "x3": -8.0, "x4": 8.0, "x5": -10.0, "y1": 2.0, "y2": -2.0, "y3": -1.0, "y4": -5.0, "y5": -3.0}, "datetime": {"datetime": "2020-09-10 19:39:38", "elapsed": 14988.358256, "delta": 1615.647453}}
{"target": 26.1, "params": {"x1": 0.0013200000000000002, "x2": 2.0, "x3": -8.0, "x4": 9.0, "x5": -10.0, "y1": 2.0, "y2": -2.0, "y3": -1.0, "y4": -5.0, "y5": -2.0}, "datetime": {"datetime": "2020-09-11 11:44:02", "elapsed": 72852.670374, "delta": 57864.312118}}
{"target": 0.0, "params": {"x1": 4.0, "x2": 2.0, "x3": 0.0, "x4": 10.0, "x5": -6.0, "y1": 3.0, "y2": -2.0, "y3": 1.0, "y4": 5.0, "y5": 0.0}, "datetime": {"datetime": "2020-09-11 11:44:16", "elapsed": 72866.413325, "delta": 13.742951}}
{"target": 0.0, "params": {"x1": -4.0, "x2": -11.0, "x3": -10.0, "x4": 1.0, "x5": -3.0, "y1": 0.0, "y2": -2.0, "y3": 3.0, "y4": 0.0, "y5": 3.0}, "datetime": {"datetime": "2020-09-11 11:44:18", "elapsed": 72868.253219, "delta": 1.839894}}
{"target": 27.3, "params": {"x1": 4.0, "x2": -10.0, "x3": -3.0, "x4": 8.0, "x5": 2.0, "y1": -3.0, "y2": 4.0, "y3": 0.0, "y4": 0.0, "y5": 3.0}, "datetime": {"datetime": "2020-09-11 12:34:27", "elapsed": 75877.25952, "delta": 3009.006301}}
{"target": 0.0, "params": {"x1": 4.0, "x2": 8.0, "x3": 3.0, "x4": 9.0, "x5": 2.0, "y1": -2.0, "y2": 5.0, "y3": 3.0, "y4": 4.0, "y5": 3.0}, "datetime": {"datetime": "2020-09-11 12:34:40", "elapsed": 75890.63547, "delta": 13.37595}}
{"target": 0.0, "params": {"x1": 2.0, "x2": 2.0, "x3": -9.0, "x4": 1.0, "x5": 2.0, "y1": 5.0, "y2": 2.0, "y3": -3.0, "y4": -4.0, "y5": -1.0}, "datetime": {"datetime": "2020-09-11 12:34:42", "elapsed": 75892.379464, "delta": 1.743994}}
{"target": 0.0, "params": {"x1": -1.0, "x2": 7.0, "x3": 2.0, "x4": 4.0, "x5": 7.0, "y1": -1.0, "y2": 1.0, "y3": 3.0, "y4": 4.0, "y5": 2.0}, "datetime": {"datetime": "2020-09-11 12:34:43", "elapsed": 75893.659319, "delta": 1.279855}}
{"target": 0.0, "params": {"x1": 1.0, "x2": 3.0, "x3": 10.0, "x4": 10.0, "x5": 5.0, "y1": -1.0, "y2": -2.0, "y3": 0.0, "y4": 2.0, "y5": 4.0}, "datetime": {"datetime": "2020-09-11 12:34:45", "elapsed": 75895.275545, "delta": 1.616226}}
{"target": 0.0, "params": {"x1": -2.0, "x2": 6.0, "x3": 2.0, "x4": -2.0, "x5": -6.0, "y1": 3.0, "y2": 1.0, "y3": -1.0, "y4": 3.0, "y5": -2.0}, "datetime": {"datetime": "2020-09-11 12:34:46", "elapsed": 75896.987621, "delta": 1.712076}}
{"target": 0.0, "params": {"x1": 8.0, "x2": -2.0, "x3": -5.0, "x4": -3.0, "x5": -11.0, "y1": 2.0, "y2": -4.0, "y3": -1.0, "y4": 3.0, "y5": 3.0}, "datetime": {"datetime": "2020-09-11 12:34:48", "elapsed": 75898.427527, "delta": 1.439906}}
{"target": 0.0, "params": {"x1": 11.0, "x2": -2.0, "x3": -7.0, "x4": 7.0, "x5": 3.0, "y1": -2.0, "y2": 1.0, "y3": 2.0, "y4": -2.0, "y5": 4.0}, "datetime": {"datetime": "2020-09-11 12:34:50", "elapsed": 75900.091985, "delta": 1.664458}}
{"target": 0.0, "params": {"x1": 7.0, "x2": 10.0, "x3": 7.0, "x4": 10.0, "x5": 0.0, "y1": -3.0, "y2": 1.0, "y3": 4.0, "y4": -1.0, "y5": 3.0}, "datetime": {"datetime": "2020-09-11 12:34:51", "elapsed": 75901.963645, "delta": 1.87166}}
{"target": 0.0, "params": {"x1": -6.0, "x2": -4.0, "x3": 6.0, "x4": -2.0, "x5": -5.0, "y1": -2.0, "y2": 1.0, "y3": 0.0, "y4": 3.0, "y5": 3.0}, "datetime": {"datetime": "2020-09-11 12:34:54", "elapsed": 75904.251559, "delta": 2.287914}}
{"target": 0.0, "params": {"x1": 9.0, "x2": -7.0, "x3": -4.0, "x4": 8.0, "x5": 7.0, "y1": -3.0, "y2": 0.0, "y3": 3.0, "y4": 1.0, "y5": 2.0}, "datetime": {"datetime": "2020-09-11 12:34:55", "elapsed": 75905.771754, "delta": 1.520195}}
{"target": 0.0, "params": {"x1": -4.0, "x2": -2.0, "x3": 12.0, "x4": 10.0, "x5": 3.0, "y1": 1.0, "y2": 2.0, "y3": -4.0, "y4": 2.0, "y5": 2.0}, "datetime": {"datetime": "2020-09-11 12:34:57", "elapsed": 75907.30747, "delta": 1.535716}}
{"target": 0.0, "params": {"x1": 11.0, "x2": -11.0, "x3": -8.0, "x4": 6.0, "x5": -8.0, "y1": -1.0, "y2": -2.0, "y3": -1.0, "y4": 4.0, "y5": 1.0}, "datetime": {"datetime": "2020-09-11 12:34:58", "elapsed": 75908.955637, "delta": 1.648167}}
{"target": 0.0, "params": {"x1": 0.0, "x2": -11.0, "x3": -11.0, "x4": -7.0, "x5": 7.0, "y1": -3.0, "y2": -1.0, "y3": 2.0, "y4": -1.0, "y5": -4.0}, "datetime": {"datetime": "2020-09-11 12:35:00", "elapsed": 75910.603735, "delta": 1.648098}}
{"target": 0.0, "params": {"x1": -2.0, "x2": 1.0, "x3": 5.0, "x4": -1.0, "x5": 8.0, "y1": -2.0, "y2": 1.0, "y3": -4.0, "y4": -2.0, "y5": 4.0}, "datetime": {"datetime": "2020-09-11 12:35:02", "elapsed": 75912.171607, "delta": 1.567872}}
{"target": 0.0, "params": {"x1": -2.0, "x2": 8.0, "x3": 11.0, "x4": 0.0, "x5": 9.0, "y1": 4.0, "y2": -5.0, "y3": -3.0, "y4": 2.0, "y5": 4.0}, "datetime": {"datetime": "2020-09-11 12:35:03", "elapsed": 75913.707666, "delta": 1.536059}}
{"target": 0.0, "params": {"x1": -6.0, "x2": 12.0, "x3": -7.0, "x4": 4.0, "x5": -5.0, "y1": -4.0, "y2": 0.0, "y3": -1.0, "y4": -3.0, "y5": 4.0}, "datetime": {"datetime": "2020-09-11 12:35:05", "elapsed": 75915.48383, "delta": 1.776164}}
